<?xml version="1.0" encoding="UTF-8"?>
<robot generator="Robot 4.0.1 (Python 3.9.4 on win32)" generated="20211201 12:49:42.632" rpa="false" schemaversion="2">
<suite id="s1" name="Test" source="C:\Users\a480438\RobotFramework-Examples\Test">
<suite id="s1-s1" name="A Test" source="C:\Users\a480438\RobotFramework-Examples\Test\a test.robot">
<test id="s1-s1-t1" name="My test with examples for Joe">
<kw name="Log" library="BuiltIn">
<arg>Hello Joe, welcome to the world!</arg>
<arg>console=True</arg>
<doc>Logs the given message with the given level.</doc>
<msg timestamp="20211201 12:49:43.145" level="INFO">Hello Joe, welcome to the world!</msg>
<status status="PASS" starttime="20211201 12:49:43.144" endtime="20211201 12:49:43.145"/>
</kw>
<status status="PASS" starttime="20211201 12:49:43.144" endtime="20211201 12:49:43.145"/>
</test>
<test id="s1-s1-t2" name="My test with examples for Arthur">
<kw name="Log" library="BuiltIn">
<arg>Hello Arthur, welcome to Camelot (clip clop).</arg>
<arg>console=True</arg>
<doc>Logs the given message with the given level.</doc>
<msg timestamp="20211201 12:49:43.147" level="INFO">Hello Arthur, welcome to Camelot (clip clop).</msg>
<status status="PASS" starttime="20211201 12:49:43.147" endtime="20211201 12:49:43.148"/>
</kw>
<status status="PASS" starttime="20211201 12:49:43.146" endtime="20211201 12:49:43.148"/>
</test>
<test id="s1-s1-t3" name="My test with examples for Patsy">
<kw name="Log" library="BuiltIn">
<arg>Hello Patsy, welcome to it's only a model!"""</arg>
<arg>console=True</arg>
<doc>Logs the given message with the given level.</doc>
<msg timestamp="20211201 12:49:43.150" level="INFO">Hello Patsy, welcome to it's only a model!"""</msg>
<status status="PASS" starttime="20211201 12:49:43.150" endtime="20211201 12:49:43.150"/>
</kw>
<status status="PASS" starttime="20211201 12:49:43.149" endtime="20211201 12:49:43.150"/>
</test>
<status status="PASS" starttime="20211201 12:49:42.661" endtime="20211201 12:49:43.151"/>
</suite>
<suite id="s1-s2" name="Dynamic" source="C:\Users\a480438\RobotFramework-Examples\Test\dynamic.robot">
<kw name="Setup this suite" type="SETUP">
<kw name="Set Global Variable" library="BuiltIn">
<arg>${cnt}</arg>
<arg>${0}</arg>
<doc>Makes a variable available globally in all tests and suites.</doc>
<msg timestamp="20211201 12:49:43.156" level="INFO">${cnt} = 0</msg>
<status status="PASS" starttime="20211201 12:49:43.156" endtime="20211201 12:49:43.156"/>
</kw>
<kw name="Create List" library="BuiltIn">
<var>${names}</var>
<arg>Joe</arg>
<arg>Arthur</arg>
<arg>Patsy</arg>
<doc>Returns a list containing given items.</doc>
<msg timestamp="20211201 12:49:43.157" level="INFO">${names} = ['Joe', 'Arthur', 'Patsy']</msg>
<status status="PASS" starttime="20211201 12:49:43.156" endtime="20211201 12:49:43.157"/>
</kw>
<kw name="Create List" library="BuiltIn">
<var>${places}</var>
<arg>the world!</arg>
<arg>Camelot (clip clop).</arg>
<arg>it's only a model!</arg>
<doc>Returns a list containing given items.</doc>
<msg timestamp="20211201 12:49:43.157" level="INFO">${places} = ['the world!', 'Camelot (clip clop).', "it's only a model!"]</msg>
<status status="PASS" starttime="20211201 12:49:43.157" endtime="20211201 12:49:43.157"/>
</kw>
<kw name="Evaluate" library="BuiltIn">
<var>${combos}</var>
<arg>lambda *s: list(itertools.chain(*itertools.product(*s)))</arg>
<arg>modules=itertools</arg>
<doc>Evaluates the given expression in Python and returns the result.</doc>
<msg timestamp="20211201 12:49:43.157" level="INFO">${combos} = &lt;function &lt;lambda&gt; at 0x000001C8DBB8A430&gt;</msg>
<status status="PASS" starttime="20211201 12:49:43.157" endtime="20211201 12:49:43.157"/>
</kw>
<kw name="Expand Test Examples" library="Examples">
<arg>random=3</arg>
<doc>The "Examples:" keyword is searched for in test cases. When Examples: is found, the following occurs:
- Column headers are determined as the first arguments before the '--' delimiter argument
- Data rows are combined with the headers to form a dataframe.
- The number of data arguments MUST be an exact multiple of the number of headers.
- A new test case is created for each row in the table of examples.
- If max_examples is specified, no more than max_examples test cases are produced for this scenario.
- When random is specified, the examples are chosen in a random order. 
    If this is a number, it is also used as max_examples.
- The new test case is search for variables where the variable name matches a coloumn header name.
    When a matching variable name is found, it is replaced with the example value.
- Any variables in scope at the time of example replacement (e.g. global variables) are replaced as
    actual values in the test.
- Test case name is searched and replaced. This is necessary for Robot Framework to have unique test
    names.
- Keyword names, argument values, Tags, IF conditions and FOR loops arguments are replaced 
    with variable values in scope at the time of replacement.</doc>
<status status="PASS" starttime="20211201 12:49:43.157" endtime="20211201 12:49:43.161"/>
</kw>
<status status="PASS" starttime="20211201 12:49:43.153" endtime="20211201 12:49:43.161"/>
</kw>
<test id="s1-s2-t1" name="My test with examples for Arthur">
<kw name="Log" library="BuiltIn">
<arg>Hello Arthur, welcome to Camelot (clip clop).</arg>
<arg>console=True</arg>
<doc>Logs the given message with the given level.</doc>
<msg timestamp="20211201 12:49:43.161" level="INFO">Hello Arthur, welcome to Camelot (clip clop).</msg>
<status status="PASS" starttime="20211201 12:49:43.161" endtime="20211201 12:49:43.161"/>
</kw>
<kw name="Set Global Variable" library="BuiltIn" type="TEARDOWN">
<arg>${cnt}</arg>
<arg>${cnt + 1}</arg>
<doc>Makes a variable available globally in all tests and suites.</doc>
<msg timestamp="20211201 12:49:43.161" level="INFO">${cnt} = 1</msg>
<status status="PASS" starttime="20211201 12:49:43.161" endtime="20211201 12:49:43.161"/>
</kw>
<status status="PASS" starttime="20211201 12:49:43.161" endtime="20211201 12:49:43.161"/>
</test>
<test id="s1-s2-t2" name="My test with examples for Joe">
<kw name="Log" library="BuiltIn">
<arg>Hello Joe, welcome to it's only a model!</arg>
<arg>console=True</arg>
<doc>Logs the given message with the given level.</doc>
<msg timestamp="20211201 12:49:43.165" level="INFO">Hello Joe, welcome to it's only a model!</msg>
<status status="PASS" starttime="20211201 12:49:43.165" endtime="20211201 12:49:43.166"/>
</kw>
<kw name="Set Global Variable" library="BuiltIn" type="TEARDOWN">
<arg>${cnt}</arg>
<arg>${cnt + 1}</arg>
<doc>Makes a variable available globally in all tests and suites.</doc>
<msg timestamp="20211201 12:49:43.167" level="INFO">${cnt} = 2</msg>
<status status="PASS" starttime="20211201 12:49:43.166" endtime="20211201 12:49:43.167"/>
</kw>
<status status="PASS" starttime="20211201 12:49:43.165" endtime="20211201 12:49:43.167"/>
</test>
<test id="s1-s2-t3" name="My test with examples for Arthur">
<kw name="Log" library="BuiltIn">
<arg>Hello Arthur, welcome to it's only a model!</arg>
<arg>console=True</arg>
<doc>Logs the given message with the given level.</doc>
<msg timestamp="20211201 12:49:43.169" level="INFO">Hello Arthur, welcome to it's only a model!</msg>
<status status="PASS" starttime="20211201 12:49:43.169" endtime="20211201 12:49:43.170"/>
</kw>
<kw name="Set Global Variable" library="BuiltIn" type="TEARDOWN">
<arg>${cnt}</arg>
<arg>${cnt + 1}</arg>
<doc>Makes a variable available globally in all tests and suites.</doc>
<msg timestamp="20211201 12:49:43.172" level="INFO">${cnt} = 3</msg>
<status status="PASS" starttime="20211201 12:49:43.170" endtime="20211201 12:49:43.172"/>
</kw>
<status status="PASS" starttime="20211201 12:49:43.168" endtime="20211201 12:49:43.172"/>
</test>
<kw name="Should Be Equal" library="BuiltIn" type="TEARDOWN">
<arg>${cnt}</arg>
<arg>${3}</arg>
<doc>Fails if the given objects are unequal.</doc>
<status status="PASS" starttime="20211201 12:49:43.174" endtime="20211201 12:49:43.174"/>
</kw>
<status status="PASS" starttime="20211201 12:49:43.152" endtime="20211201 12:49:43.175"/>
</suite>
<suite id="s1-s3" name="Max Examples" source="C:\Users\a480438\RobotFramework-Examples\Test\max_examples.robot">
<kw name="Set Global Variable" library="BuiltIn" type="SETUP">
<arg>${cnt}</arg>
<arg>${0}</arg>
<doc>Makes a variable available globally in all tests and suites.</doc>
<msg timestamp="20211201 12:49:43.183" level="INFO">${cnt} = 0</msg>
<status status="PASS" starttime="20211201 12:49:43.182" endtime="20211201 12:49:43.183"/>
</kw>
<test id="s1-s3-t1" name="My test with examples for Joe">
<kw name="Log" library="BuiltIn">
<arg>Hello Joe, welcome to the world!</arg>
<arg>console=True</arg>
<doc>Logs the given message with the given level.</doc>
<msg timestamp="20211201 12:49:43.184" level="INFO">Hello Joe, welcome to the world!</msg>
<status status="PASS" starttime="20211201 12:49:43.184" endtime="20211201 12:49:43.184"/>
</kw>
<kw name="Set Global Variable" library="BuiltIn" type="TEARDOWN">
<arg>${cnt}</arg>
<arg>${cnt + 1}</arg>
<doc>Makes a variable available globally in all tests and suites.</doc>
<msg timestamp="20211201 12:49:43.185" level="INFO">${cnt} = 1</msg>
<status status="PASS" starttime="20211201 12:49:43.184" endtime="20211201 12:49:43.185"/>
</kw>
<status status="PASS" starttime="20211201 12:49:43.183" endtime="20211201 12:49:43.185"/>
</test>
<test id="s1-s3-t2" name="My test with examples for Arthur">
<kw name="Log" library="BuiltIn">
<arg>Hello Arthur, welcome to Camelot (clip clop).</arg>
<arg>console=True</arg>
<doc>Logs the given message with the given level.</doc>
<msg timestamp="20211201 12:49:43.186" level="INFO">Hello Arthur, welcome to Camelot (clip clop).</msg>
<status status="PASS" starttime="20211201 12:49:43.186" endtime="20211201 12:49:43.187"/>
</kw>
<kw name="Set Global Variable" library="BuiltIn" type="TEARDOWN">
<arg>${cnt}</arg>
<arg>${cnt + 1}</arg>
<doc>Makes a variable available globally in all tests and suites.</doc>
<msg timestamp="20211201 12:49:43.188" level="INFO">${cnt} = 2</msg>
<status status="PASS" starttime="20211201 12:49:43.187" endtime="20211201 12:49:43.188"/>
</kw>
<status status="PASS" starttime="20211201 12:49:43.186" endtime="20211201 12:49:43.188"/>
</test>
<kw name="Should Be Equal" library="BuiltIn" type="TEARDOWN">
<arg>${cnt}</arg>
<arg>${2}</arg>
<doc>Fails if the given objects are unequal.</doc>
<status status="PASS" starttime="20211201 12:49:43.189" endtime="20211201 12:49:43.189"/>
</kw>
<status status="PASS" starttime="20211201 12:49:43.176" endtime="20211201 12:49:43.189"/>
</suite>
<suite id="s1-s4" name="Random" source="C:\Users\a480438\RobotFramework-Examples\Test\random.robot">
<kw name="Set Global Variable" library="BuiltIn" type="SETUP">
<arg>${cnt}</arg>
<arg>${0}</arg>
<doc>Makes a variable available globally in all tests and suites.</doc>
<msg timestamp="20211201 12:49:43.196" level="INFO">${cnt} = 0</msg>
<status status="PASS" starttime="20211201 12:49:43.195" endtime="20211201 12:49:43.196"/>
</kw>
<test id="s1-s4-t1" name="My test with examples for Joe">
<kw name="Log" library="BuiltIn">
<arg>Hello Joe, welcome to the world!</arg>
<arg>console=True</arg>
<doc>Logs the given message with the given level.</doc>
<msg timestamp="20211201 12:49:43.197" level="INFO">Hello Joe, welcome to the world!</msg>
<status status="PASS" starttime="20211201 12:49:43.197" endtime="20211201 12:49:43.198"/>
</kw>
<kw name="Set Global Variable" library="BuiltIn" type="TEARDOWN">
<arg>${cnt}</arg>
<arg>${cnt + 1}</arg>
<doc>Makes a variable available globally in all tests and suites.</doc>
<msg timestamp="20211201 12:49:43.201" level="INFO">${cnt} = 1</msg>
<status status="PASS" starttime="20211201 12:49:43.198" endtime="20211201 12:49:43.201"/>
</kw>
<status status="PASS" starttime="20211201 12:49:43.196" endtime="20211201 12:49:43.201"/>
</test>
<test id="s1-s4-t2" name="My test with examples for Arthur">
<kw name="Log" library="BuiltIn">
<arg>Hello Arthur, welcome to Camelot (clip clop).</arg>
<arg>console=True</arg>
<doc>Logs the given message with the given level.</doc>
<msg timestamp="20211201 12:49:43.203" level="INFO">Hello Arthur, welcome to Camelot (clip clop).</msg>
<status status="PASS" starttime="20211201 12:49:43.203" endtime="20211201 12:49:43.203"/>
</kw>
<kw name="Set Global Variable" library="BuiltIn" type="TEARDOWN">
<arg>${cnt}</arg>
<arg>${cnt + 1}</arg>
<doc>Makes a variable available globally in all tests and suites.</doc>
<msg timestamp="20211201 12:49:43.204" level="INFO">${cnt} = 2</msg>
<status status="PASS" starttime="20211201 12:49:43.203" endtime="20211201 12:49:43.204"/>
</kw>
<status status="PASS" starttime="20211201 12:49:43.202" endtime="20211201 12:49:43.204"/>
</test>
<kw name="Should Be Equal" library="BuiltIn" type="TEARDOWN">
<arg>${cnt}</arg>
<arg>${2}</arg>
<doc>Fails if the given objects are unequal.</doc>
<status status="PASS" starttime="20211201 12:49:43.205" endtime="20211201 12:49:43.205"/>
</kw>
<status status="PASS" starttime="20211201 12:49:43.190" endtime="20211201 12:49:43.205"/>
</suite>
<status status="PASS" starttime="20211201 12:49:42.644" endtime="20211201 12:49:43.207"/>
</suite>
<statistics>
<total>
<stat pass="10" fail="0" skip="0">All Tests</stat>
</total>
<tag>
</tag>
<suite>
<stat pass="10" fail="0" skip="0" id="s1" name="Test">Test</stat>
<stat pass="3" fail="0" skip="0" id="s1-s1" name="A Test">Test.A Test</stat>
<stat pass="3" fail="0" skip="0" id="s1-s2" name="Dynamic">Test.Dynamic</stat>
<stat pass="2" fail="0" skip="0" id="s1-s3" name="Max Examples">Test.Max Examples</stat>
<stat pass="2" fail="0" skip="0" id="s1-s4" name="Random">Test.Random</stat>
</suite>
</statistics>
<errors>
<msg timestamp="20211201 12:49:43.168" level="WARN">Multiple test cases with name 'My test with examples for Arthur' executed in test suite 'Test.Dynamic'.</msg>
</errors>
</robot>
